<?xml version="1.0" encoding="UTF-8"?>
<testsuite name="de.unitrier.st.MainTest" tests="1" skipped="0" failures="0" errors="0" timestamp="2021-11-09T08:49:09" hostname="DESKTOP-8GSA5N2" time="0.561">
  <properties/>
  <testcase name="fileLoadingTest" classname="de.unitrier.st.MainTest" time="0.561"/>
  <system-out><![CDATA[]]></system-out>
  <system-err><![CDATA[]]></system-err>
</testsuite>
